<?xml version="1.0" encoding="UTF-8"?>
<testsuite xmlns:xsi="http://www.w3.org/2001/XMLSchema-instance" xsi:noNamespaceSchemaLocation="https://maven.apache.org/surefire/maven-surefire-plugin/xsd/surefire-test-report.xsd" version="3.0.1" name="TestSuite" time="47.444" tests="4" errors="0" skipped="0" failures="0">
  <properties>
[...]
</properties>
  <testcase name="runScenario[&quot;Verify Amazon Home Page Opens&quot;, &quot;Amazon Automation&quot;](1)" classname="Runner.TestRunner" time="14.798">
    <system-out><![CDATA[
Scenario: Verify Amazon Home Page Opens                # src/test/resources/features/amazon.feature:3
  Given User opens browser and launches Amazon website # stepdefinition.AmazonSteps.user_opens_browser_and_launches_amazon_website()
Page Title is: Online Shopping site in India: Shop Online for Mobiles, Books, Watches, Shoes and More - Amazon.in
  Then Verify page title contains Amazon               # stepdefinition.AmazonSteps.verify_page_title_contains_amazon()
]]></system-out>
    <system-err><![CDATA[SLF4J: Failed to load class "org.slf4j.impl.StaticLoggerBinder".
SLF4J: Defaulting to no-operation (NOP) logger implementation
SLF4J: See http://www.slf4j.org/codes.html#StaticLoggerBinder for further details.
May 30, 2026 7:20:16 AM org.openqa.selenium.remote.tracing.opentelemetry.OpenTelemetryTracer createTracer
INFO: Using OpenTelemetry for tracing
]]></system-err>
  </testcase>
  <testcase name="runScenario[&quot;Search Headphones Product&quot;, &quot;Amazon Automation&quot;](2)" classname="Runner.TestRunner" time="16.451">
    <system-out><![CDATA[
Scenario: Search Headphones Product                    # src/test/resources/features/amazon.feature:7
  Given User opens browser and launches Amazon website # stepdefinition.AmazonSteps.user_opens_browser_and_launches_amazon_website()
  When User searches for "headphones"                  # stepdefinition.AmazonSteps.user_searches_for(java.lang.String)
  Then User scrolls down the page                      # stepdefinition.AmazonSteps.user_scrolls_down_the_page()
]]></system-out>
  </testcase>
  <testcase name="runScenario[&quot;Go To Customer Service And Take Screenshot&quot;, &quot;Amazon Automation&quot;](3)" classname="Runner.TestRunner" time="9.088">
    <system-out><![CDATA[
Scenario: Go To Customer Service And Take Screenshot   # src/test/resources/features/amazon.feature:12
  Given User opens browser and launches Amazon website # stepdefinition.AmazonSteps.user_opens_browser_and_launches_amazon_website()
  When User clicks on customer service                 # stepdefinition.AmazonSteps.user_clicks_on_customer_service()
  And User takes screenshot                            # stepdefinition.AmazonSteps.user_takes_screenshot()
]]></system-out>
  </testcase>
  <testcase name="runScenario[&quot;Close Browser Successfully&quot;, &quot;Amazon Automation&quot;](4)" classname="Runner.TestRunner" time="2.007">
    <system-out><![CDATA[
Scenario: Close Browser Successfully                   # src/test/resources/features/amazon.feature:17
  Given User opens browser and launches Amazon website # stepdefinition.AmazonSteps.user_opens_browser_and_launches_amazon_website()
  Then Close browser                                   # stepdefinition.AmazonSteps.close_browser()
]]></system-out>
  </testcase>
</testsuite>