<?xml version="1.0" encoding="UTF-8"?>
<testng-results ignored="0" total="4" passed="4" failed="0" skipped="0">
  <reporter-output>
  </reporter-output>
  <suite started-at="2026-05-30T07:20:12 UTC" name="Surefire suite" finished-at="2026-05-30T07:20:58 UTC" duration-ms="45525">
    <groups>
      <group name="cucumber">
        <method signature="AbstractTestNGCucumberTests.runScenario(io.cucumber.testng.PickleWrapper,io.cucumber.testng.FeatureWrapper)[pri:0, instance:Runner.TestRunner@60704c]" name="runScenario" class="io.cucumber.testng.AbstractTestNGCucumberTests"/>
      </group> <!-- cucumber -->
    </groups>
    <test started-at="2026-05-30T07:20:12 UTC" name="Surefire test" finished-at="2026-05-30T07:20:58 UTC" duration-ms="45525">
      <class name="Runner.TestRunner">
        <test-method is-config="true" signature="setUpClass(org.testng.ITestContext)[pri:0, instance:Runner.TestRunner@60704c]" started-at="2026-05-30T07:20:12 UTC" name="setUpClass" finished-at="2026-05-30T07:20:15 UTC" duration-ms="2873" status="PASS">
          <params>
            <param index="0">
              <value>
                <![CDATA[org.testng.TestRunner@30e6a763]]>
              </value>
            </param>
          </params>
          <reporter-output>
          </reporter-output>
        </test-method> <!-- setUpClass -->
        <test-method signature="runScenario(io.cucumber.testng.PickleWrapper,io.cucumber.testng.FeatureWrapper)[pri:0, instance:Runner.TestRunner@60704c]" started-at="2026-05-30T07:20:15 UTC" name="runScenario" description="Runs Cucumber Scenarios" data-provider="scenarios" finished-at="2026-05-30T07:20:30 UTC" duration-ms="14784" status="PASS">
          <params>
            <param index="0">
              <value>
                <![CDATA["Verify Amazon Home Page Opens"]]>
              </value>
            </param>
            <param index="1">
              <value>
                <![CDATA["Amazon Automation"]]>
              </value>
            </param>
          </params>
          <reporter-output>
          </reporter-output>
        </test-method> <!-- runScenario -->
        <test-method signature="runScenario(io.cucumber.testng.PickleWrapper,io.cucumber.testng.FeatureWrapper)[pri:0, instance:Runner.TestRunner@60704c]" started-at="2026-05-30T07:20:30 UTC" name="runScenario" description="Runs Cucumber Scenarios" data-provider="scenarios" finished-at="2026-05-30T07:20:46 UTC" duration-ms="16459" status="PASS">
          <params>
            <param index="0">
              <value>
                <![CDATA["Search Headphones Product"]]>
              </value>
            </param>
            <param index="1">
              <value>
                <![CDATA["Amazon Automation"]]>
              </value>
            </param>
          </params>
          <reporter-output>
          </reporter-output>
        </test-method> <!-- runScenario -->
        <test-method signature="runScenario(io.cucumber.testng.PickleWrapper,io.cucumber.testng.FeatureWrapper)[pri:0, instance:Runner.TestRunner@60704c]" started-at="2026-05-30T07:20:46 UTC" name="runScenario" description="Runs Cucumber Scenarios" data-provider="scenarios" finished-at="2026-05-30T07:20:56 UTC" duration-ms="9088" status="PASS">
          <params>
            <param index="0">
              <value>
                <![CDATA["Go To Customer Service And Take Screenshot"]]>
              </value>
            </param>
            <param index="1">
              <value>
                <![CDATA["Amazon Automation"]]>
              </value>
            </param>
          </params>
          <reporter-output>
          </reporter-output>
        </test-method> <!-- runScenario -->
        <test-method signature="runScenario(io.cucumber.testng.PickleWrapper,io.cucumber.testng.FeatureWrapper)[pri:0, instance:Runner.TestRunner@60704c]" started-at="2026-05-30T07:20:56 UTC" name="runScenario" description="Runs Cucumber Scenarios" data-provider="scenarios" finished-at="2026-05-30T07:20:58 UTC" duration-ms="2011" status="PASS">
          <params>
            <param index="0">
              <value>
                <![CDATA["Close Browser Successfully"]]>
              </value>
            </param>
            <param index="1">
              <value>
                <![CDATA["Amazon Automation"]]>
              </value>
            </param>
          </params>
          <reporter-output>
          </reporter-output>
        </test-method> <!-- runScenario -->
        <test-method is-config="true" signature="tearDownClass()[pri:0, instance:Runner.TestRunner@60704c]" started-at="2026-05-30T07:20:58 UTC" name="tearDownClass" finished-at="2026-05-30T07:20:58 UTC" duration-ms="77" status="PASS">
          <reporter-output>
          </reporter-output>
        </test-method> <!-- tearDownClass -->
      </class> <!-- Runner.TestRunner -->
    </test> <!-- Surefire test -->
  </suite> <!-- Surefire suite -->
</testng-results>
