<?xml version="1.0" encoding="UTF-8"?>
<!-- Generated by org.testng.reporters.JUnitReportReporter -->
<testsuite hostname="632de5895f0e" failures="0" tests="4" name="Runner.TestRunner" time="42.342" errors="0" timestamp="2026-05-30T07:20:58 UTC" skipped="0">
  <testcase classname="Runner.TestRunner" name="runScenario" time="16.459"/>
  <testcase classname="Runner.TestRunner" name="runScenario" time="9.088"/>
  <testcase classname="Runner.TestRunner" name="runScenario" time="2.011"/>
  <testcase classname="Runner.TestRunner" name="runScenario" time="14.784"/>
</testsuite> <!-- Runner.TestRunner -->
